<?xml version="1.0" encoding="UTF-8"?>
<testng-results skipped="0" failed="0" ignored="0" total="1" passed="1">
  <reporter-output>
  </reporter-output>
  <suite name="Default suite" duration-ms="25032" started-at="2020-12-27T08:51:46Z" finished-at="2020-12-27T08:52:11Z">
    <groups>
    </groups>
    <test name="Default test" duration-ms="25032" started-at="2020-12-27T08:51:46Z" finished-at="2020-12-27T08:52:11Z">
      <class name="executeEngine.DriverScript">
        <test-method status="PASS" signature="beforeTest()[pri:0, instance:executeEngine.DriverScript@59ec2012]" name="beforeTest" is-config="true" duration-ms="328" started-at="2020-12-27T08:51:46Z" finished-at="2020-12-27T08:51:47Z">
          <reporter-output>
          </reporter-output>
        </test-method> <!-- beforeTest -->
        <test-method status="PASS" signature="moduleData()[pri:0, instance:executeEngine.DriverScript@59ec2012]" name="moduleData" duration-ms="24647" started-at="2020-12-27T08:51:47Z" finished-at="2020-12-27T08:52:11Z">
          <reporter-output>
          </reporter-output>
        </test-method> <!-- moduleData -->
        <test-method status="PASS" signature="afterTest()[pri:0, instance:executeEngine.DriverScript@59ec2012]" name="afterTest" is-config="true" duration-ms="0" started-at="2020-12-27T08:52:11Z" finished-at="2020-12-27T08:52:11Z">
          <reporter-output>
          </reporter-output>
        </test-method> <!-- afterTest -->
      </class> <!-- executeEngine.DriverScript -->
    </test> <!-- Default test -->
  </suite> <!-- Default suite -->
</testng-results>
